CRITICAL - 2023-10-11 04:57:52 --> syntax error, unexpected token "endforeach", expecting end of file
in APPPATH\Views\departamentos\lista.php on line 34.
 1 SYSTEMPATH\View\View.php(229): CodeIgniter\View\View->CodeIgniter\View\{closure}()
 2 SYSTEMPATH\Common.php(1188): CodeIgniter\View\View->render('departamentos/lista', [], true)
 3 APPPATH\Controllers\Departamentoss.php(10): view('departamentos/lista', [...])
 4 SYSTEMPATH\CodeIgniter.php(919): App\Controllers\Departamentoss->index()
 5 SYSTEMPATH\CodeIgniter.php(494): CodeIgniter\CodeIgniter->runController(Object(App\Controllers\Departamentoss))
 6 SYSTEMPATH\CodeIgniter.php(353): CodeIgniter\CodeIgniter->handleRequest(null, Object(Config\Cache), false)
 7 FCPATH\index.php(79): CodeIgniter\CodeIgniter->run()
CRITICAL - 2023-10-11 05:00:29 --> syntax error, unexpected token "endforeach", expecting end of file
in APPPATH\Views\departamentos\lista.php on line 34.
 1 SYSTEMPATH\View\View.php(229): CodeIgniter\View\View->CodeIgniter\View\{closure}()
 2 SYSTEMPATH\Common.php(1188): CodeIgniter\View\View->render('departamentos/lista', [], true)
 3 APPPATH\Controllers\Departamentoss.php(10): view('departamentos/lista', [...])
 4 SYSTEMPATH\CodeIgniter.php(919): App\Controllers\Departamentoss->index()
 5 SYSTEMPATH\CodeIgniter.php(494): CodeIgniter\CodeIgniter->runController(Object(App\Controllers\Departamentoss))
 6 SYSTEMPATH\CodeIgniter.php(353): CodeIgniter\CodeIgniter->handleRequest(null, Object(Config\Cache), false)
 7 FCPATH\index.php(79): CodeIgniter\CodeIgniter->run()
CRITICAL - 2023-10-11 05:00:32 --> syntax error, unexpected token "endforeach", expecting end of file
in APPPATH\Views\departamentos\lista.php on line 34.
 1 SYSTEMPATH\View\View.php(229): CodeIgniter\View\View->CodeIgniter\View\{closure}()
 2 SYSTEMPATH\Common.php(1188): CodeIgniter\View\View->render('departamentos/lista', [], true)
 3 APPPATH\Controllers\Departamentoss.php(10): view('departamentos/lista', [...])
 4 SYSTEMPATH\CodeIgniter.php(919): App\Controllers\Departamentoss->index()
 5 SYSTEMPATH\CodeIgniter.php(494): CodeIgniter\CodeIgniter->runController(Object(App\Controllers\Departamentoss))
 6 SYSTEMPATH\CodeIgniter.php(353): CodeIgniter\CodeIgniter->handleRequest(null, Object(Config\Cache), false)
 7 FCPATH\index.php(79): CodeIgniter\CodeIgniter->run()
CRITICAL - 2023-10-11 05:05:48 --> syntax error, unexpected token "endforeach", expecting end of file
in APPPATH\Views\departamentos\lista.php on line 34.
 1 SYSTEMPATH\View\View.php(229): CodeIgniter\View\View->CodeIgniter\View\{closure}()
 2 SYSTEMPATH\Common.php(1188): CodeIgniter\View\View->render('departamentos/lista', [], true)
 3 APPPATH\Controllers\Departamentoss.php(10): view('departamentos/lista', [...])
 4 SYSTEMPATH\CodeIgniter.php(919): App\Controllers\Departamentoss->index()
 5 SYSTEMPATH\CodeIgniter.php(494): CodeIgniter\CodeIgniter->runController(Object(App\Controllers\Departamentoss))
 6 SYSTEMPATH\CodeIgniter.php(353): CodeIgniter\CodeIgniter->handleRequest(null, Object(Config\Cache), false)
 7 FCPATH\index.php(79): CodeIgniter\CodeIgniter->run()
CRITICAL - 2023-10-11 05:05:51 --> syntax error, unexpected token "endforeach", expecting end of file
in APPPATH\Views\departamentos\lista.php on line 34.
 1 SYSTEMPATH\View\View.php(229): CodeIgniter\View\View->CodeIgniter\View\{closure}()
 2 SYSTEMPATH\Common.php(1188): CodeIgniter\View\View->render('departamentos/lista', [], true)
 3 APPPATH\Controllers\Departamentoss.php(10): view('departamentos/lista', [...])
 4 SYSTEMPATH\CodeIgniter.php(919): App\Controllers\Departamentoss->index()
 5 SYSTEMPATH\CodeIgniter.php(494): CodeIgniter\CodeIgniter->runController(Object(App\Controllers\Departamentoss))
 6 SYSTEMPATH\CodeIgniter.php(353): CodeIgniter\CodeIgniter->handleRequest(null, Object(Config\Cache), false)
 7 FCPATH\index.php(79): CodeIgniter\CodeIgniter->run()
CRITICAL - 2023-10-11 05:06:46 --> Undefined variable $arreglo
in APPPATH\Views\departamentos\lista.php on line 26.
 1 APPPATH\Views\departamentos\lista.php(26): CodeIgniter\Debug\Exceptions->errorHandler(2, 'Undefined variable $arreglo', 'C:\\wamp64\\www\\mercado\\app\\Views\\departamentos\\lista.php', 26)
 2 SYSTEMPATH\View\View.php(226): include('C:\\wamp64\\www\\mercado\\app\\Views\\departamentos\\lista.php')
 3 SYSTEMPATH\View\View.php(229): CodeIgniter\View\View->CodeIgniter\View\{closure}()
 4 SYSTEMPATH\Common.php(1188): CodeIgniter\View\View->render('departamentos/lista', [], true)
 5 APPPATH\Controllers\Departamentoss.php(10): view('departamentos/lista', [...])
 6 SYSTEMPATH\CodeIgniter.php(919): App\Controllers\Departamentoss->index()
 7 SYSTEMPATH\CodeIgniter.php(494): CodeIgniter\CodeIgniter->runController(Object(App\Controllers\Departamentoss))
 8 SYSTEMPATH\CodeIgniter.php(353): CodeIgniter\CodeIgniter->handleRequest(null, Object(Config\Cache), false)
 9 FCPATH\index.php(79): CodeIgniter\CodeIgniter->run()
CRITICAL - 2023-10-11 05:18:32 --> Undefined variable $cabesera
in APPPATH\Views\departamentos\lista.php on line 1.
 1 APPPATH\Views\departamentos\lista.php(1): CodeIgniter\Debug\Exceptions->errorHandler(2, 'Undefined variable $cabesera', 'C:\\wamp64\\www\\mercado\\app\\Views\\departamentos\\lista.php', 1)
 2 SYSTEMPATH\View\View.php(226): include('C:\\wamp64\\www\\mercado\\app\\Views\\departamentos\\lista.php')
 3 SYSTEMPATH\View\View.php(229): CodeIgniter\View\View->CodeIgniter\View\{closure}()
 4 SYSTEMPATH\Common.php(1188): CodeIgniter\View\View->render('departamentos/lista', [], true)
 5 APPPATH\Controllers\Departamentoss.php(13): view('departamentos/lista', [...])
 6 SYSTEMPATH\CodeIgniter.php(919): App\Controllers\Departamentoss->index()
 7 SYSTEMPATH\CodeIgniter.php(494): CodeIgniter\CodeIgniter->runController(Object(App\Controllers\Departamentoss))
 8 SYSTEMPATH\CodeIgniter.php(353): CodeIgniter\CodeIgniter->handleRequest(null, Object(Config\Cache), false)
 9 FCPATH\index.php(79): CodeIgniter\CodeIgniter->run()
CRITICAL - 2023-10-11 06:12:16 --> There is no data to insert.
in SYSTEMPATH\BaseModel.php on line 768.
 1 SYSTEMPATH\BaseModel.php(768): CodeIgniter\Database\Exceptions\DataException::forEmptyDataset('insert')
 2 SYSTEMPATH\Model.php(715): CodeIgniter\BaseModel->insert([], true)
 3 APPPATH\Controllers\Departamentoss.php(29): CodeIgniter\Model->insert([...])
 4 SYSTEMPATH\CodeIgniter.php(919): App\Controllers\Departamentoss->guardar()
 5 SYSTEMPATH\CodeIgniter.php(494): CodeIgniter\CodeIgniter->runController(Object(App\Controllers\Departamentoss))
 6 SYSTEMPATH\CodeIgniter.php(353): CodeIgniter\CodeIgniter->handleRequest(null, Object(Config\Cache), false)
 7 FCPATH\index.php(79): CodeIgniter\CodeIgniter->run()
CRITICAL - 2023-10-11 06:59:08 --> Updates are not allowed unless they contain a "where" or "like" clause.
in SYSTEMPATH\Model.php on line 380.
 1 SYSTEMPATH\BaseModel.php(949): CodeIgniter\Model->doUpdate(null, [...])
 2 SYSTEMPATH\Model.php(776): CodeIgniter\BaseModel->update(null, [...])
 3 APPPATH\Controllers\Departamentoss.php(39): CodeIgniter\Model->update(null, [...])
 4 SYSTEMPATH\CodeIgniter.php(919): App\Controllers\Departamentoss->borrar(null)
 5 SYSTEMPATH\CodeIgniter.php(494): CodeIgniter\CodeIgniter->runController(Object(App\Controllers\Departamentoss))
 6 SYSTEMPATH\CodeIgniter.php(353): CodeIgniter\CodeIgniter->handleRequest(null, Object(Config\Cache), false)
 7 FCPATH\index.php(79): CodeIgniter\CodeIgniter->run()
CRITICAL - 2023-10-11 07:10:12 --> Updates are not allowed unless they contain a "where" or "like" clause.
in SYSTEMPATH\Model.php on line 380.
 1 SYSTEMPATH\BaseModel.php(949): CodeIgniter\Model->doUpdate(null, [...])
 2 SYSTEMPATH\Model.php(776): CodeIgniter\BaseModel->update(null, [...])
 3 APPPATH\Controllers\Departamentoss.php(39): CodeIgniter\Model->update(null, [...])
 4 SYSTEMPATH\CodeIgniter.php(919): App\Controllers\Departamentoss->borrar()
 5 SYSTEMPATH\CodeIgniter.php(494): CodeIgniter\CodeIgniter->runController(Object(App\Controllers\Departamentoss))
 6 SYSTEMPATH\CodeIgniter.php(353): CodeIgniter\CodeIgniter->handleRequest(null, Object(Config\Cache), false)
 7 FCPATH\index.php(79): CodeIgniter\CodeIgniter->run()
CRITICAL - 2023-10-11 07:11:25 --> Updates are not allowed unless they contain a "where" or "like" clause.
in SYSTEMPATH\Model.php on line 380.
 1 SYSTEMPATH\BaseModel.php(949): CodeIgniter\Model->doUpdate(null, [...])
 2 SYSTEMPATH\Model.php(776): CodeIgniter\BaseModel->update(null, [...])
 3 APPPATH\Controllers\Departamentoss.php(39): CodeIgniter\Model->update(null, [...])
 4 SYSTEMPATH\CodeIgniter.php(919): App\Controllers\Departamentoss->borrar()
 5 SYSTEMPATH\CodeIgniter.php(494): CodeIgniter\CodeIgniter->runController(Object(App\Controllers\Departamentoss))
 6 SYSTEMPATH\CodeIgniter.php(353): CodeIgniter\CodeIgniter->handleRequest(null, Object(Config\Cache), false)
 7 FCPATH\index.php(79): CodeIgniter\CodeIgniter->run()
CRITICAL - 2023-10-11 07:48:50 --> Undefined variable $cabesera
in APPPATH\Views\departamentos\lista.php on line 1.
 1 APPPATH\Views\departamentos\lista.php(1): CodeIgniter\Debug\Exceptions->errorHandler(2, 'Undefined variable $cabesera', 'C:\\wamp64\\www\\mercado\\app\\Views\\departamentos\\lista.php', 1)
 2 SYSTEMPATH\View\View.php(226): include('C:\\wamp64\\www\\mercado\\app\\Views\\departamentos\\lista.php')
 3 SYSTEMPATH\View\View.php(229): CodeIgniter\View\View->CodeIgniter\View\{closure}()
 4 SYSTEMPATH\Common.php(1188): CodeIgniter\View\View->render('departamentos/lista', [], true)
 5 APPPATH\Controllers\Home.php(9): view('departamentos/lista')
 6 SYSTEMPATH\CodeIgniter.php(919): App\Controllers\Home->index()
 7 SYSTEMPATH\CodeIgniter.php(494): CodeIgniter\CodeIgniter->runController(Object(App\Controllers\Home))
 8 SYSTEMPATH\CodeIgniter.php(353): CodeIgniter\CodeIgniter->handleRequest(null, Object(Config\Cache), false)
 9 FCPATH\index.php(79): CodeIgniter\CodeIgniter->run()
CRITICAL - 2023-10-11 07:49:41 --> Undefined variable $cabesera
in APPPATH\Views\departamentos\lista.php on line 1.
 1 APPPATH\Views\departamentos\lista.php(1): CodeIgniter\Debug\Exceptions->errorHandler(2, 'Undefined variable $cabesera', 'C:\\wamp64\\www\\mercado\\app\\Views\\departamentos\\lista.php', 1)
 2 SYSTEMPATH\View\View.php(226): include('C:\\wamp64\\www\\mercado\\app\\Views\\departamentos\\lista.php')
 3 SYSTEMPATH\View\View.php(229): CodeIgniter\View\View->CodeIgniter\View\{closure}()
 4 SYSTEMPATH\Common.php(1188): CodeIgniter\View\View->render('departamentos/lista', [], true)
 5 APPPATH\Controllers\Home.php(9): view('departamentos/lista')
 6 SYSTEMPATH\CodeIgniter.php(919): App\Controllers\Home->index()
 7 SYSTEMPATH\CodeIgniter.php(494): CodeIgniter\CodeIgniter->runController(Object(App\Controllers\Home))
 8 SYSTEMPATH\CodeIgniter.php(353): CodeIgniter\CodeIgniter->handleRequest(null, Object(Config\Cache), false)
 9 FCPATH\index.php(79): CodeIgniter\CodeIgniter->run()
CRITICAL - 2023-10-11 07:49:43 --> Undefined variable $cabesera
in APPPATH\Views\departamentos\lista.php on line 1.
 1 APPPATH\Views\departamentos\lista.php(1): CodeIgniter\Debug\Exceptions->errorHandler(2, 'Undefined variable $cabesera', 'C:\\wamp64\\www\\mercado\\app\\Views\\departamentos\\lista.php', 1)
 2 SYSTEMPATH\View\View.php(226): include('C:\\wamp64\\www\\mercado\\app\\Views\\departamentos\\lista.php')
 3 SYSTEMPATH\View\View.php(229): CodeIgniter\View\View->CodeIgniter\View\{closure}()
 4 SYSTEMPATH\Common.php(1188): CodeIgniter\View\View->render('departamentos/lista', [], true)
 5 APPPATH\Controllers\Home.php(9): view('departamentos/lista')
 6 SYSTEMPATH\CodeIgniter.php(919): App\Controllers\Home->index()
 7 SYSTEMPATH\CodeIgniter.php(494): CodeIgniter\CodeIgniter->runController(Object(App\Controllers\Home))
 8 SYSTEMPATH\CodeIgniter.php(353): CodeIgniter\CodeIgniter->handleRequest(null, Object(Config\Cache), false)
 9 FCPATH\index.php(79): CodeIgniter\CodeIgniter->run()
CRITICAL - 2023-10-11 07:49:43 --> Undefined variable $cabesera
in APPPATH\Views\departamentos\lista.php on line 1.
 1 APPPATH\Views\departamentos\lista.php(1): CodeIgniter\Debug\Exceptions->errorHandler(2, 'Undefined variable $cabesera', 'C:\\wamp64\\www\\mercado\\app\\Views\\departamentos\\lista.php', 1)
 2 SYSTEMPATH\View\View.php(226): include('C:\\wamp64\\www\\mercado\\app\\Views\\departamentos\\lista.php')
 3 SYSTEMPATH\View\View.php(229): CodeIgniter\View\View->CodeIgniter\View\{closure}()
 4 SYSTEMPATH\Common.php(1188): CodeIgniter\View\View->render('departamentos/lista', [], true)
 5 APPPATH\Controllers\Home.php(9): view('departamentos/lista')
 6 SYSTEMPATH\CodeIgniter.php(919): App\Controllers\Home->index()
 7 SYSTEMPATH\CodeIgniter.php(494): CodeIgniter\CodeIgniter->runController(Object(App\Controllers\Home))
 8 SYSTEMPATH\CodeIgniter.php(353): CodeIgniter\CodeIgniter->handleRequest(null, Object(Config\Cache), false)
 9 FCPATH\index.php(79): CodeIgniter\CodeIgniter->run()
CRITICAL - 2023-10-11 07:49:44 --> Undefined variable $cabesera
in APPPATH\Views\departamentos\lista.php on line 1.
 1 APPPATH\Views\departamentos\lista.php(1): CodeIgniter\Debug\Exceptions->errorHandler(2, 'Undefined variable $cabesera', 'C:\\wamp64\\www\\mercado\\app\\Views\\departamentos\\lista.php', 1)
 2 SYSTEMPATH\View\View.php(226): include('C:\\wamp64\\www\\mercado\\app\\Views\\departamentos\\lista.php')
 3 SYSTEMPATH\View\View.php(229): CodeIgniter\View\View->CodeIgniter\View\{closure}()
 4 SYSTEMPATH\Common.php(1188): CodeIgniter\View\View->render('departamentos/lista', [], true)
 5 APPPATH\Controllers\Home.php(9): view('departamentos/lista')
 6 SYSTEMPATH\CodeIgniter.php(919): App\Controllers\Home->index()
 7 SYSTEMPATH\CodeIgniter.php(494): CodeIgniter\CodeIgniter->runController(Object(App\Controllers\Home))
 8 SYSTEMPATH\CodeIgniter.php(353): CodeIgniter\CodeIgniter->handleRequest(null, Object(Config\Cache), false)
 9 FCPATH\index.php(79): CodeIgniter\CodeIgniter->run()
CRITICAL - 2023-10-11 07:51:51 --> Undefined variable $cabesera
in APPPATH\Views\departamentos\lista.php on line 1.
 1 APPPATH\Views\departamentos\lista.php(1): CodeIgniter\Debug\Exceptions->errorHandler(2, 'Undefined variable $cabesera', 'C:\\wamp64\\www\\mercado\\app\\Views\\departamentos\\lista.php', 1)
 2 SYSTEMPATH\View\View.php(226): include('C:\\wamp64\\www\\mercado\\app\\Views\\departamentos\\lista.php')
 3 SYSTEMPATH\View\View.php(229): CodeIgniter\View\View->CodeIgniter\View\{closure}()
 4 SYSTEMPATH\Common.php(1188): CodeIgniter\View\View->render('departamentos/lista', [], true)
 5 APPPATH\Controllers\Home.php(9): view('departamentos/lista')
 6 SYSTEMPATH\CodeIgniter.php(919): App\Controllers\Home->index()
 7 SYSTEMPATH\CodeIgniter.php(494): CodeIgniter\CodeIgniter->runController(Object(App\Controllers\Home))
 8 SYSTEMPATH\CodeIgniter.php(353): CodeIgniter\CodeIgniter->handleRequest(null, Object(Config\Cache), false)
 9 FCPATH\index.php(79): CodeIgniter\CodeIgniter->run()
CRITICAL - 2023-10-11 07:51:52 --> Undefined variable $cabesera
in APPPATH\Views\departamentos\lista.php on line 1.
 1 APPPATH\Views\departamentos\lista.php(1): CodeIgniter\Debug\Exceptions->errorHandler(2, 'Undefined variable $cabesera', 'C:\\wamp64\\www\\mercado\\app\\Views\\departamentos\\lista.php', 1)
 2 SYSTEMPATH\View\View.php(226): include('C:\\wamp64\\www\\mercado\\app\\Views\\departamentos\\lista.php')
 3 SYSTEMPATH\View\View.php(229): CodeIgniter\View\View->CodeIgniter\View\{closure}()
 4 SYSTEMPATH\Common.php(1188): CodeIgniter\View\View->render('departamentos/lista', [], true)
 5 APPPATH\Controllers\Home.php(9): view('departamentos/lista')
 6 SYSTEMPATH\CodeIgniter.php(919): App\Controllers\Home->index()
 7 SYSTEMPATH\CodeIgniter.php(494): CodeIgniter\CodeIgniter->runController(Object(App\Controllers\Home))
 8 SYSTEMPATH\CodeIgniter.php(353): CodeIgniter\CodeIgniter->handleRequest(null, Object(Config\Cache), false)
 9 FCPATH\index.php(79): CodeIgniter\CodeIgniter->run()
CRITICAL - 2023-10-11 07:51:52 --> Undefined variable $cabesera
in APPPATH\Views\departamentos\lista.php on line 1.
 1 APPPATH\Views\departamentos\lista.php(1): CodeIgniter\Debug\Exceptions->errorHandler(2, 'Undefined variable $cabesera', 'C:\\wamp64\\www\\mercado\\app\\Views\\departamentos\\lista.php', 1)
 2 SYSTEMPATH\View\View.php(226): include('C:\\wamp64\\www\\mercado\\app\\Views\\departamentos\\lista.php')
 3 SYSTEMPATH\View\View.php(229): CodeIgniter\View\View->CodeIgniter\View\{closure}()
 4 SYSTEMPATH\Common.php(1188): CodeIgniter\View\View->render('departamentos/lista', [], true)
 5 APPPATH\Controllers\Home.php(9): view('departamentos/lista')
 6 SYSTEMPATH\CodeIgniter.php(919): App\Controllers\Home->index()
 7 SYSTEMPATH\CodeIgniter.php(494): CodeIgniter\CodeIgniter->runController(Object(App\Controllers\Home))
 8 SYSTEMPATH\CodeIgniter.php(353): CodeIgniter\CodeIgniter->handleRequest(null, Object(Config\Cache), false)
 9 FCPATH\index.php(79): CodeIgniter\CodeIgniter->run()
CRITICAL - 2023-10-11 07:51:52 --> Undefined variable $cabesera
in APPPATH\Views\departamentos\lista.php on line 1.
 1 APPPATH\Views\departamentos\lista.php(1): CodeIgniter\Debug\Exceptions->errorHandler(2, 'Undefined variable $cabesera', 'C:\\wamp64\\www\\mercado\\app\\Views\\departamentos\\lista.php', 1)
 2 SYSTEMPATH\View\View.php(226): include('C:\\wamp64\\www\\mercado\\app\\Views\\departamentos\\lista.php')
 3 SYSTEMPATH\View\View.php(229): CodeIgniter\View\View->CodeIgniter\View\{closure}()
 4 SYSTEMPATH\Common.php(1188): CodeIgniter\View\View->render('departamentos/lista', [], true)
 5 APPPATH\Controllers\Home.php(9): view('departamentos/lista')
 6 SYSTEMPATH\CodeIgniter.php(919): App\Controllers\Home->index()
 7 SYSTEMPATH\CodeIgniter.php(494): CodeIgniter\CodeIgniter->runController(Object(App\Controllers\Home))
 8 SYSTEMPATH\CodeIgniter.php(353): CodeIgniter\CodeIgniter->handleRequest(null, Object(Config\Cache), false)
 9 FCPATH\index.php(79): CodeIgniter\CodeIgniter->run()
CRITICAL - 2023-10-11 07:51:53 --> Undefined variable $cabesera
in APPPATH\Views\departamentos\lista.php on line 1.
 1 APPPATH\Views\departamentos\lista.php(1): CodeIgniter\Debug\Exceptions->errorHandler(2, 'Undefined variable $cabesera', 'C:\\wamp64\\www\\mercado\\app\\Views\\departamentos\\lista.php', 1)
 2 SYSTEMPATH\View\View.php(226): include('C:\\wamp64\\www\\mercado\\app\\Views\\departamentos\\lista.php')
 3 SYSTEMPATH\View\View.php(229): CodeIgniter\View\View->CodeIgniter\View\{closure}()
 4 SYSTEMPATH\Common.php(1188): CodeIgniter\View\View->render('departamentos/lista', [], true)
 5 APPPATH\Controllers\Home.php(9): view('departamentos/lista')
 6 SYSTEMPATH\CodeIgniter.php(919): App\Controllers\Home->index()
 7 SYSTEMPATH\CodeIgniter.php(494): CodeIgniter\CodeIgniter->runController(Object(App\Controllers\Home))
 8 SYSTEMPATH\CodeIgniter.php(353): CodeIgniter\CodeIgniter->handleRequest(null, Object(Config\Cache), false)
 9 FCPATH\index.php(79): CodeIgniter\CodeIgniter->run()
CRITICAL - 2023-10-11 07:51:57 --> Undefined variable $cabesera
in APPPATH\Views\departamentos\lista.php on line 1.
 1 APPPATH\Views\departamentos\lista.php(1): CodeIgniter\Debug\Exceptions->errorHandler(2, 'Undefined variable $cabesera', 'C:\\wamp64\\www\\mercado\\app\\Views\\departamentos\\lista.php', 1)
 2 SYSTEMPATH\View\View.php(226): include('C:\\wamp64\\www\\mercado\\app\\Views\\departamentos\\lista.php')
 3 SYSTEMPATH\View\View.php(229): CodeIgniter\View\View->CodeIgniter\View\{closure}()
 4 SYSTEMPATH\Common.php(1188): CodeIgniter\View\View->render('departamentos/lista', [], true)
 5 APPPATH\Controllers\Home.php(9): view('departamentos/lista')
 6 SYSTEMPATH\CodeIgniter.php(919): App\Controllers\Home->index()
 7 SYSTEMPATH\CodeIgniter.php(494): CodeIgniter\CodeIgniter->runController(Object(App\Controllers\Home))
 8 SYSTEMPATH\CodeIgniter.php(353): CodeIgniter\CodeIgniter->handleRequest(null, Object(Config\Cache), false)
 9 FCPATH\index.php(79): CodeIgniter\CodeIgniter->run()
CRITICAL - 2023-10-11 07:52:59 --> Undefined variable $cabesera
in APPPATH\Views\departamentos\lista.php on line 1.
 1 APPPATH\Views\departamentos\lista.php(1): CodeIgniter\Debug\Exceptions->errorHandler(2, 'Undefined variable $cabesera', 'C:\\wamp64\\www\\mercado\\app\\Views\\departamentos\\lista.php', 1)
 2 SYSTEMPATH\View\View.php(226): include('C:\\wamp64\\www\\mercado\\app\\Views\\departamentos\\lista.php')
 3 SYSTEMPATH\View\View.php(229): CodeIgniter\View\View->CodeIgniter\View\{closure}()
 4 SYSTEMPATH\Common.php(1188): CodeIgniter\View\View->render('departamentos/lista', [], true)
 5 APPPATH\Controllers\Home.php(9): view('departamentos/lista')
 6 SYSTEMPATH\CodeIgniter.php(919): App\Controllers\Home->index()
 7 SYSTEMPATH\CodeIgniter.php(494): CodeIgniter\CodeIgniter->runController(Object(App\Controllers\Home))
 8 SYSTEMPATH\CodeIgniter.php(353): CodeIgniter\CodeIgniter->handleRequest(null, Object(Config\Cache), false)
 9 FCPATH\index.php(79): CodeIgniter\CodeIgniter->run()
CRITICAL - 2023-10-11 07:53:04 --> Undefined variable $cabesera
in APPPATH\Views\departamentos\lista.php on line 1.
 1 APPPATH\Views\departamentos\lista.php(1): CodeIgniter\Debug\Exceptions->errorHandler(2, 'Undefined variable $cabesera', 'C:\\wamp64\\www\\mercado\\app\\Views\\departamentos\\lista.php', 1)
 2 SYSTEMPATH\View\View.php(226): include('C:\\wamp64\\www\\mercado\\app\\Views\\departamentos\\lista.php')
 3 SYSTEMPATH\View\View.php(229): CodeIgniter\View\View->CodeIgniter\View\{closure}()
 4 SYSTEMPATH\Common.php(1188): CodeIgniter\View\View->render('departamentos/lista', [], true)
 5 APPPATH\Controllers\Home.php(9): view('departamentos/lista')
 6 SYSTEMPATH\CodeIgniter.php(919): App\Controllers\Home->index()
 7 SYSTEMPATH\CodeIgniter.php(494): CodeIgniter\CodeIgniter->runController(Object(App\Controllers\Home))
 8 SYSTEMPATH\CodeIgniter.php(353): CodeIgniter\CodeIgniter->handleRequest(null, Object(Config\Cache), false)
 9 FCPATH\index.php(79): CodeIgniter\CodeIgniter->run()
CRITICAL - 2023-10-11 07:53:05 --> Undefined variable $cabesera
in APPPATH\Views\departamentos\lista.php on line 1.
 1 APPPATH\Views\departamentos\lista.php(1): CodeIgniter\Debug\Exceptions->errorHandler(2, 'Undefined variable $cabesera', 'C:\\wamp64\\www\\mercado\\app\\Views\\departamentos\\lista.php', 1)
 2 SYSTEMPATH\View\View.php(226): include('C:\\wamp64\\www\\mercado\\app\\Views\\departamentos\\lista.php')
 3 SYSTEMPATH\View\View.php(229): CodeIgniter\View\View->CodeIgniter\View\{closure}()
 4 SYSTEMPATH\Common.php(1188): CodeIgniter\View\View->render('departamentos/lista', [], true)
 5 APPPATH\Controllers\Home.php(9): view('departamentos/lista')
 6 SYSTEMPATH\CodeIgniter.php(919): App\Controllers\Home->index()
 7 SYSTEMPATH\CodeIgniter.php(494): CodeIgniter\CodeIgniter->runController(Object(App\Controllers\Home))
 8 SYSTEMPATH\CodeIgniter.php(353): CodeIgniter\CodeIgniter->handleRequest(null, Object(Config\Cache), false)
 9 FCPATH\index.php(79): CodeIgniter\CodeIgniter->run()
CRITICAL - 2023-10-11 07:53:05 --> Undefined variable $cabesera
in APPPATH\Views\departamentos\lista.php on line 1.
 1 APPPATH\Views\departamentos\lista.php(1): CodeIgniter\Debug\Exceptions->errorHandler(2, 'Undefined variable $cabesera', 'C:\\wamp64\\www\\mercado\\app\\Views\\departamentos\\lista.php', 1)
 2 SYSTEMPATH\View\View.php(226): include('C:\\wamp64\\www\\mercado\\app\\Views\\departamentos\\lista.php')
 3 SYSTEMPATH\View\View.php(229): CodeIgniter\View\View->CodeIgniter\View\{closure}()
 4 SYSTEMPATH\Common.php(1188): CodeIgniter\View\View->render('departamentos/lista', [], true)
 5 APPPATH\Controllers\Home.php(9): view('departamentos/lista')
 6 SYSTEMPATH\CodeIgniter.php(919): App\Controllers\Home->index()
 7 SYSTEMPATH\CodeIgniter.php(494): CodeIgniter\CodeIgniter->runController(Object(App\Controllers\Home))
 8 SYSTEMPATH\CodeIgniter.php(353): CodeIgniter\CodeIgniter->handleRequest(null, Object(Config\Cache), false)
 9 FCPATH\index.php(79): CodeIgniter\CodeIgniter->run()
CRITICAL - 2023-10-11 07:54:37 --> Undefined variable $cabesera
in APPPATH\Views\departamentos\lista.php on line 1.
 1 APPPATH\Views\departamentos\lista.php(1): CodeIgniter\Debug\Exceptions->errorHandler(2, 'Undefined variable $cabesera', 'C:\\wamp64\\www\\mercado\\app\\Views\\departamentos\\lista.php', 1)
 2 SYSTEMPATH\View\View.php(226): include('C:\\wamp64\\www\\mercado\\app\\Views\\departamentos\\lista.php')
 3 SYSTEMPATH\View\View.php(229): CodeIgniter\View\View->CodeIgniter\View\{closure}()
 4 SYSTEMPATH\Common.php(1188): CodeIgniter\View\View->render('departamentos/lista', [], true)
 5 APPPATH\Controllers\Home.php(9): view('departamentos/lista')
 6 SYSTEMPATH\CodeIgniter.php(919): App\Controllers\Home->index()
 7 SYSTEMPATH\CodeIgniter.php(494): CodeIgniter\CodeIgniter->runController(Object(App\Controllers\Home))
 8 SYSTEMPATH\CodeIgniter.php(353): CodeIgniter\CodeIgniter->handleRequest(null, Object(Config\Cache), false)
 9 FCPATH\index.php(79): CodeIgniter\CodeIgniter->run()
CRITICAL - 2023-10-11 07:54:38 --> Undefined variable $cabesera
in APPPATH\Views\departamentos\lista.php on line 1.
 1 APPPATH\Views\departamentos\lista.php(1): CodeIgniter\Debug\Exceptions->errorHandler(2, 'Undefined variable $cabesera', 'C:\\wamp64\\www\\mercado\\app\\Views\\departamentos\\lista.php', 1)
 2 SYSTEMPATH\View\View.php(226): include('C:\\wamp64\\www\\mercado\\app\\Views\\departamentos\\lista.php')
 3 SYSTEMPATH\View\View.php(229): CodeIgniter\View\View->CodeIgniter\View\{closure}()
 4 SYSTEMPATH\Common.php(1188): CodeIgniter\View\View->render('departamentos/lista', [], true)
 5 APPPATH\Controllers\Home.php(9): view('departamentos/lista')
 6 SYSTEMPATH\CodeIgniter.php(919): App\Controllers\Home->index()
 7 SYSTEMPATH\CodeIgniter.php(494): CodeIgniter\CodeIgniter->runController(Object(App\Controllers\Home))
 8 SYSTEMPATH\CodeIgniter.php(353): CodeIgniter\CodeIgniter->handleRequest(null, Object(Config\Cache), false)
 9 FCPATH\index.php(79): CodeIgniter\CodeIgniter->run()
CRITICAL - 2023-10-11 07:54:38 --> Undefined variable $cabesera
in APPPATH\Views\departamentos\lista.php on line 1.
 1 APPPATH\Views\departamentos\lista.php(1): CodeIgniter\Debug\Exceptions->errorHandler(2, 'Undefined variable $cabesera', 'C:\\wamp64\\www\\mercado\\app\\Views\\departamentos\\lista.php', 1)
 2 SYSTEMPATH\View\View.php(226): include('C:\\wamp64\\www\\mercado\\app\\Views\\departamentos\\lista.php')
 3 SYSTEMPATH\View\View.php(229): CodeIgniter\View\View->CodeIgniter\View\{closure}()
 4 SYSTEMPATH\Common.php(1188): CodeIgniter\View\View->render('departamentos/lista', [], true)
 5 APPPATH\Controllers\Home.php(9): view('departamentos/lista')
 6 SYSTEMPATH\CodeIgniter.php(919): App\Controllers\Home->index()
 7 SYSTEMPATH\CodeIgniter.php(494): CodeIgniter\CodeIgniter->runController(Object(App\Controllers\Home))
 8 SYSTEMPATH\CodeIgniter.php(353): CodeIgniter\CodeIgniter->handleRequest(null, Object(Config\Cache), false)
 9 FCPATH\index.php(79): CodeIgniter\CodeIgniter->run()
CRITICAL - 2023-10-11 07:54:38 --> Undefined variable $cabesera
in APPPATH\Views\departamentos\lista.php on line 1.
 1 APPPATH\Views\departamentos\lista.php(1): CodeIgniter\Debug\Exceptions->errorHandler(2, 'Undefined variable $cabesera', 'C:\\wamp64\\www\\mercado\\app\\Views\\departamentos\\lista.php', 1)
 2 SYSTEMPATH\View\View.php(226): include('C:\\wamp64\\www\\mercado\\app\\Views\\departamentos\\lista.php')
 3 SYSTEMPATH\View\View.php(229): CodeIgniter\View\View->CodeIgniter\View\{closure}()
 4 SYSTEMPATH\Common.php(1188): CodeIgniter\View\View->render('departamentos/lista', [], true)
 5 APPPATH\Controllers\Home.php(9): view('departamentos/lista')
 6 SYSTEMPATH\CodeIgniter.php(919): App\Controllers\Home->index()
 7 SYSTEMPATH\CodeIgniter.php(494): CodeIgniter\CodeIgniter->runController(Object(App\Controllers\Home))
 8 SYSTEMPATH\CodeIgniter.php(353): CodeIgniter\CodeIgniter->handleRequest(null, Object(Config\Cache), false)
 9 FCPATH\index.php(79): CodeIgniter\CodeIgniter->run()
CRITICAL - 2023-10-11 07:54:38 --> Undefined variable $cabesera
in APPPATH\Views\departamentos\lista.php on line 1.
 1 APPPATH\Views\departamentos\lista.php(1): CodeIgniter\Debug\Exceptions->errorHandler(2, 'Undefined variable $cabesera', 'C:\\wamp64\\www\\mercado\\app\\Views\\departamentos\\lista.php', 1)
 2 SYSTEMPATH\View\View.php(226): include('C:\\wamp64\\www\\mercado\\app\\Views\\departamentos\\lista.php')
 3 SYSTEMPATH\View\View.php(229): CodeIgniter\View\View->CodeIgniter\View\{closure}()
 4 SYSTEMPATH\Common.php(1188): CodeIgniter\View\View->render('departamentos/lista', [], true)
 5 APPPATH\Controllers\Home.php(9): view('departamentos/lista')
 6 SYSTEMPATH\CodeIgniter.php(919): App\Controllers\Home->index()
 7 SYSTEMPATH\CodeIgniter.php(494): CodeIgniter\CodeIgniter->runController(Object(App\Controllers\Home))
 8 SYSTEMPATH\CodeIgniter.php(353): CodeIgniter\CodeIgniter->handleRequest(null, Object(Config\Cache), false)
 9 FCPATH\index.php(79): CodeIgniter\CodeIgniter->run()
CRITICAL - 2023-10-11 07:54:38 --> Undefined variable $cabesera
in APPPATH\Views\departamentos\lista.php on line 1.
 1 APPPATH\Views\departamentos\lista.php(1): CodeIgniter\Debug\Exceptions->errorHandler(2, 'Undefined variable $cabesera', 'C:\\wamp64\\www\\mercado\\app\\Views\\departamentos\\lista.php', 1)
 2 SYSTEMPATH\View\View.php(226): include('C:\\wamp64\\www\\mercado\\app\\Views\\departamentos\\lista.php')
 3 SYSTEMPATH\View\View.php(229): CodeIgniter\View\View->CodeIgniter\View\{closure}()
 4 SYSTEMPATH\Common.php(1188): CodeIgniter\View\View->render('departamentos/lista', [], true)
 5 APPPATH\Controllers\Home.php(9): view('departamentos/lista')
 6 SYSTEMPATH\CodeIgniter.php(919): App\Controllers\Home->index()
 7 SYSTEMPATH\CodeIgniter.php(494): CodeIgniter\CodeIgniter->runController(Object(App\Controllers\Home))
 8 SYSTEMPATH\CodeIgniter.php(353): CodeIgniter\CodeIgniter->handleRequest(null, Object(Config\Cache), false)
 9 FCPATH\index.php(79): CodeIgniter\CodeIgniter->run()
CRITICAL - 2023-10-11 07:54:39 --> Undefined variable $cabesera
in APPPATH\Views\departamentos\lista.php on line 1.
 1 APPPATH\Views\departamentos\lista.php(1): CodeIgniter\Debug\Exceptions->errorHandler(2, 'Undefined variable $cabesera', 'C:\\wamp64\\www\\mercado\\app\\Views\\departamentos\\lista.php', 1)
 2 SYSTEMPATH\View\View.php(226): include('C:\\wamp64\\www\\mercado\\app\\Views\\departamentos\\lista.php')
 3 SYSTEMPATH\View\View.php(229): CodeIgniter\View\View->CodeIgniter\View\{closure}()
 4 SYSTEMPATH\Common.php(1188): CodeIgniter\View\View->render('departamentos/lista', [], true)
 5 APPPATH\Controllers\Home.php(9): view('departamentos/lista')
 6 SYSTEMPATH\CodeIgniter.php(919): App\Controllers\Home->index()
 7 SYSTEMPATH\CodeIgniter.php(494): CodeIgniter\CodeIgniter->runController(Object(App\Controllers\Home))
 8 SYSTEMPATH\CodeIgniter.php(353): CodeIgniter\CodeIgniter->handleRequest(null, Object(Config\Cache), false)
 9 FCPATH\index.php(79): CodeIgniter\CodeIgniter->run()
CRITICAL - 2023-10-11 07:54:39 --> Undefined variable $cabesera
in APPPATH\Views\departamentos\lista.php on line 1.
 1 APPPATH\Views\departamentos\lista.php(1): CodeIgniter\Debug\Exceptions->errorHandler(2, 'Undefined variable $cabesera', 'C:\\wamp64\\www\\mercado\\app\\Views\\departamentos\\lista.php', 1)
 2 SYSTEMPATH\View\View.php(226): include('C:\\wamp64\\www\\mercado\\app\\Views\\departamentos\\lista.php')
 3 SYSTEMPATH\View\View.php(229): CodeIgniter\View\View->CodeIgniter\View\{closure}()
 4 SYSTEMPATH\Common.php(1188): CodeIgniter\View\View->render('departamentos/lista', [], true)
 5 APPPATH\Controllers\Home.php(9): view('departamentos/lista')
 6 SYSTEMPATH\CodeIgniter.php(919): App\Controllers\Home->index()
 7 SYSTEMPATH\CodeIgniter.php(494): CodeIgniter\CodeIgniter->runController(Object(App\Controllers\Home))
 8 SYSTEMPATH\CodeIgniter.php(353): CodeIgniter\CodeIgniter->handleRequest(null, Object(Config\Cache), false)
 9 FCPATH\index.php(79): CodeIgniter\CodeIgniter->run()
CRITICAL - 2023-10-11 07:54:39 --> Undefined variable $cabesera
in APPPATH\Views\departamentos\lista.php on line 1.
 1 APPPATH\Views\departamentos\lista.php(1): CodeIgniter\Debug\Exceptions->errorHandler(2, 'Undefined variable $cabesera', 'C:\\wamp64\\www\\mercado\\app\\Views\\departamentos\\lista.php', 1)
 2 SYSTEMPATH\View\View.php(226): include('C:\\wamp64\\www\\mercado\\app\\Views\\departamentos\\lista.php')
 3 SYSTEMPATH\View\View.php(229): CodeIgniter\View\View->CodeIgniter\View\{closure}()
 4 SYSTEMPATH\Common.php(1188): CodeIgniter\View\View->render('departamentos/lista', [], true)
 5 APPPATH\Controllers\Home.php(9): view('departamentos/lista')
 6 SYSTEMPATH\CodeIgniter.php(919): App\Controllers\Home->index()
 7 SYSTEMPATH\CodeIgniter.php(494): CodeIgniter\CodeIgniter->runController(Object(App\Controllers\Home))
 8 SYSTEMPATH\CodeIgniter.php(353): CodeIgniter\CodeIgniter->handleRequest(null, Object(Config\Cache), false)
 9 FCPATH\index.php(79): CodeIgniter\CodeIgniter->run()
CRITICAL - 2023-10-11 07:55:43 --> Undefined variable $cabesera
in APPPATH\Views\departamentos\lista.php on line 1.
 1 APPPATH\Views\departamentos\lista.php(1): CodeIgniter\Debug\Exceptions->errorHandler(2, 'Undefined variable $cabesera', 'C:\\wamp64\\www\\mercado\\app\\Views\\departamentos\\lista.php', 1)
 2 SYSTEMPATH\View\View.php(226): include('C:\\wamp64\\www\\mercado\\app\\Views\\departamentos\\lista.php')
 3 SYSTEMPATH\View\View.php(229): CodeIgniter\View\View->CodeIgniter\View\{closure}()
 4 SYSTEMPATH\Common.php(1188): CodeIgniter\View\View->render('departamentos/lista', [], true)
 5 APPPATH\Controllers\Home.php(9): view('departamentos/lista')
 6 SYSTEMPATH\CodeIgniter.php(919): App\Controllers\Home->index()
 7 SYSTEMPATH\CodeIgniter.php(494): CodeIgniter\CodeIgniter->runController(Object(App\Controllers\Home))
 8 SYSTEMPATH\CodeIgniter.php(353): CodeIgniter\CodeIgniter->handleRequest(null, Object(Config\Cache), false)
 9 FCPATH\index.php(79): CodeIgniter\CodeIgniter->run()
CRITICAL - 2023-10-11 07:55:44 --> Undefined variable $cabesera
in APPPATH\Views\departamentos\lista.php on line 1.
 1 APPPATH\Views\departamentos\lista.php(1): CodeIgniter\Debug\Exceptions->errorHandler(2, 'Undefined variable $cabesera', 'C:\\wamp64\\www\\mercado\\app\\Views\\departamentos\\lista.php', 1)
 2 SYSTEMPATH\View\View.php(226): include('C:\\wamp64\\www\\mercado\\app\\Views\\departamentos\\lista.php')
 3 SYSTEMPATH\View\View.php(229): CodeIgniter\View\View->CodeIgniter\View\{closure}()
 4 SYSTEMPATH\Common.php(1188): CodeIgniter\View\View->render('departamentos/lista', [], true)
 5 APPPATH\Controllers\Home.php(9): view('departamentos/lista')
 6 SYSTEMPATH\CodeIgniter.php(919): App\Controllers\Home->index()
 7 SYSTEMPATH\CodeIgniter.php(494): CodeIgniter\CodeIgniter->runController(Object(App\Controllers\Home))
 8 SYSTEMPATH\CodeIgniter.php(353): CodeIgniter\CodeIgniter->handleRequest(null, Object(Config\Cache), false)
 9 FCPATH\index.php(79): CodeIgniter\CodeIgniter->run()
CRITICAL - 2023-10-11 07:57:07 --> Undefined variable $cabesera
in APPPATH\Views\departamentos\lista.php on line 1.
 1 APPPATH\Views\departamentos\lista.php(1): CodeIgniter\Debug\Exceptions->errorHandler(2, 'Undefined variable $cabesera', 'C:\\wamp64\\www\\mercado\\app\\Views\\departamentos\\lista.php', 1)
 2 SYSTEMPATH\View\View.php(226): include('C:\\wamp64\\www\\mercado\\app\\Views\\departamentos\\lista.php')
 3 SYSTEMPATH\View\View.php(229): CodeIgniter\View\View->CodeIgniter\View\{closure}()
 4 SYSTEMPATH\Common.php(1188): CodeIgniter\View\View->render('departamentos/lista', [], true)
 5 APPPATH\Controllers\Home.php(9): view('departamentos/lista')
 6 SYSTEMPATH\CodeIgniter.php(919): App\Controllers\Home->index()
 7 SYSTEMPATH\CodeIgniter.php(494): CodeIgniter\CodeIgniter->runController(Object(App\Controllers\Home))
 8 SYSTEMPATH\CodeIgniter.php(353): CodeIgniter\CodeIgniter->handleRequest(null, Object(Config\Cache), false)
 9 FCPATH\index.php(79): CodeIgniter\CodeIgniter->run()
CRITICAL - 2023-10-11 07:57:09 --> Undefined variable $cabesera
in APPPATH\Views\departamentos\lista.php on line 1.
 1 APPPATH\Views\departamentos\lista.php(1): CodeIgniter\Debug\Exceptions->errorHandler(2, 'Undefined variable $cabesera', 'C:\\wamp64\\www\\mercado\\app\\Views\\departamentos\\lista.php', 1)
 2 SYSTEMPATH\View\View.php(226): include('C:\\wamp64\\www\\mercado\\app\\Views\\departamentos\\lista.php')
 3 SYSTEMPATH\View\View.php(229): CodeIgniter\View\View->CodeIgniter\View\{closure}()
 4 SYSTEMPATH\Common.php(1188): CodeIgniter\View\View->render('departamentos/lista', [], true)
 5 APPPATH\Controllers\Home.php(9): view('departamentos/lista')
 6 SYSTEMPATH\CodeIgniter.php(919): App\Controllers\Home->index()
 7 SYSTEMPATH\CodeIgniter.php(494): CodeIgniter\CodeIgniter->runController(Object(App\Controllers\Home))
 8 SYSTEMPATH\CodeIgniter.php(353): CodeIgniter\CodeIgniter->handleRequest(null, Object(Config\Cache), false)
 9 FCPATH\index.php(79): CodeIgniter\CodeIgniter->run()
CRITICAL - 2023-10-11 07:57:09 --> Undefined variable $cabesera
in APPPATH\Views\departamentos\lista.php on line 1.
 1 APPPATH\Views\departamentos\lista.php(1): CodeIgniter\Debug\Exceptions->errorHandler(2, 'Undefined variable $cabesera', 'C:\\wamp64\\www\\mercado\\app\\Views\\departamentos\\lista.php', 1)
 2 SYSTEMPATH\View\View.php(226): include('C:\\wamp64\\www\\mercado\\app\\Views\\departamentos\\lista.php')
 3 SYSTEMPATH\View\View.php(229): CodeIgniter\View\View->CodeIgniter\View\{closure}()
 4 SYSTEMPATH\Common.php(1188): CodeIgniter\View\View->render('departamentos/lista', [], true)
 5 APPPATH\Controllers\Home.php(9): view('departamentos/lista')
 6 SYSTEMPATH\CodeIgniter.php(919): App\Controllers\Home->index()
 7 SYSTEMPATH\CodeIgniter.php(494): CodeIgniter\CodeIgniter->runController(Object(App\Controllers\Home))
 8 SYSTEMPATH\CodeIgniter.php(353): CodeIgniter\CodeIgniter->handleRequest(null, Object(Config\Cache), false)
 9 FCPATH\index.php(79): CodeIgniter\CodeIgniter->run()
CRITICAL - 2023-10-11 07:57:09 --> Undefined variable $cabesera
in APPPATH\Views\departamentos\lista.php on line 1.
 1 APPPATH\Views\departamentos\lista.php(1): CodeIgniter\Debug\Exceptions->errorHandler(2, 'Undefined variable $cabesera', 'C:\\wamp64\\www\\mercado\\app\\Views\\departamentos\\lista.php', 1)
 2 SYSTEMPATH\View\View.php(226): include('C:\\wamp64\\www\\mercado\\app\\Views\\departamentos\\lista.php')
 3 SYSTEMPATH\View\View.php(229): CodeIgniter\View\View->CodeIgniter\View\{closure}()
 4 SYSTEMPATH\Common.php(1188): CodeIgniter\View\View->render('departamentos/lista', [], true)
 5 APPPATH\Controllers\Home.php(9): view('departamentos/lista')
 6 SYSTEMPATH\CodeIgniter.php(919): App\Controllers\Home->index()
 7 SYSTEMPATH\CodeIgniter.php(494): CodeIgniter\CodeIgniter->runController(Object(App\Controllers\Home))
 8 SYSTEMPATH\CodeIgniter.php(353): CodeIgniter\CodeIgniter->handleRequest(null, Object(Config\Cache), false)
 9 FCPATH\index.php(79): CodeIgniter\CodeIgniter->run()
CRITICAL - 2023-10-11 07:57:10 --> Undefined variable $cabesera
in APPPATH\Views\departamentos\lista.php on line 1.
 1 APPPATH\Views\departamentos\lista.php(1): CodeIgniter\Debug\Exceptions->errorHandler(2, 'Undefined variable $cabesera', 'C:\\wamp64\\www\\mercado\\app\\Views\\departamentos\\lista.php', 1)
 2 SYSTEMPATH\View\View.php(226): include('C:\\wamp64\\www\\mercado\\app\\Views\\departamentos\\lista.php')
 3 SYSTEMPATH\View\View.php(229): CodeIgniter\View\View->CodeIgniter\View\{closure}()
 4 SYSTEMPATH\Common.php(1188): CodeIgniter\View\View->render('departamentos/lista', [], true)
 5 APPPATH\Controllers\Home.php(9): view('departamentos/lista')
 6 SYSTEMPATH\CodeIgniter.php(919): App\Controllers\Home->index()
 7 SYSTEMPATH\CodeIgniter.php(494): CodeIgniter\CodeIgniter->runController(Object(App\Controllers\Home))
 8 SYSTEMPATH\CodeIgniter.php(353): CodeIgniter\CodeIgniter->handleRequest(null, Object(Config\Cache), false)
 9 FCPATH\index.php(79): CodeIgniter\CodeIgniter->run()
CRITICAL - 2023-10-11 07:57:50 --> Undefined variable $cabesera
in APPPATH\Views\departamentos\lista.php on line 1.
 1 APPPATH\Views\departamentos\lista.php(1): CodeIgniter\Debug\Exceptions->errorHandler(2, 'Undefined variable $cabesera', 'C:\\wamp64\\www\\mercado\\app\\Views\\departamentos\\lista.php', 1)
 2 SYSTEMPATH\View\View.php(226): include('C:\\wamp64\\www\\mercado\\app\\Views\\departamentos\\lista.php')
 3 SYSTEMPATH\View\View.php(229): CodeIgniter\View\View->CodeIgniter\View\{closure}()
 4 SYSTEMPATH\Common.php(1188): CodeIgniter\View\View->render('departamentos/lista', [], true)
 5 APPPATH\Controllers\Home.php(9): view('departamentos/lista')
 6 SYSTEMPATH\CodeIgniter.php(919): App\Controllers\Home->index()
 7 SYSTEMPATH\CodeIgniter.php(494): CodeIgniter\CodeIgniter->runController(Object(App\Controllers\Home))
 8 SYSTEMPATH\CodeIgniter.php(353): CodeIgniter\CodeIgniter->handleRequest(null, Object(Config\Cache), false)
 9 FCPATH\index.php(79): CodeIgniter\CodeIgniter->run()
CRITICAL - 2023-10-11 07:57:51 --> Undefined variable $cabesera
in APPPATH\Views\departamentos\lista.php on line 1.
 1 APPPATH\Views\departamentos\lista.php(1): CodeIgniter\Debug\Exceptions->errorHandler(2, 'Undefined variable $cabesera', 'C:\\wamp64\\www\\mercado\\app\\Views\\departamentos\\lista.php', 1)
 2 SYSTEMPATH\View\View.php(226): include('C:\\wamp64\\www\\mercado\\app\\Views\\departamentos\\lista.php')
 3 SYSTEMPATH\View\View.php(229): CodeIgniter\View\View->CodeIgniter\View\{closure}()
 4 SYSTEMPATH\Common.php(1188): CodeIgniter\View\View->render('departamentos/lista', [], true)
 5 APPPATH\Controllers\Home.php(9): view('departamentos/lista')
 6 SYSTEMPATH\CodeIgniter.php(919): App\Controllers\Home->index()
 7 SYSTEMPATH\CodeIgniter.php(494): CodeIgniter\CodeIgniter->runController(Object(App\Controllers\Home))
 8 SYSTEMPATH\CodeIgniter.php(353): CodeIgniter\CodeIgniter->handleRequest(null, Object(Config\Cache), false)
 9 FCPATH\index.php(79): CodeIgniter\CodeIgniter->run()
CRITICAL - 2023-10-11 07:57:51 --> Undefined variable $cabesera
in APPPATH\Views\departamentos\lista.php on line 1.
 1 APPPATH\Views\departamentos\lista.php(1): CodeIgniter\Debug\Exceptions->errorHandler(2, 'Undefined variable $cabesera', 'C:\\wamp64\\www\\mercado\\app\\Views\\departamentos\\lista.php', 1)
 2 SYSTEMPATH\View\View.php(226): include('C:\\wamp64\\www\\mercado\\app\\Views\\departamentos\\lista.php')
 3 SYSTEMPATH\View\View.php(229): CodeIgniter\View\View->CodeIgniter\View\{closure}()
 4 SYSTEMPATH\Common.php(1188): CodeIgniter\View\View->render('departamentos/lista', [], true)
 5 APPPATH\Controllers\Home.php(9): view('departamentos/lista')
 6 SYSTEMPATH\CodeIgniter.php(919): App\Controllers\Home->index()
 7 SYSTEMPATH\CodeIgniter.php(494): CodeIgniter\CodeIgniter->runController(Object(App\Controllers\Home))
 8 SYSTEMPATH\CodeIgniter.php(353): CodeIgniter\CodeIgniter->handleRequest(null, Object(Config\Cache), false)
 9 FCPATH\index.php(79): CodeIgniter\CodeIgniter->run()
CRITICAL - 2023-10-11 07:57:51 --> Undefined variable $cabesera
in APPPATH\Views\departamentos\lista.php on line 1.
 1 APPPATH\Views\departamentos\lista.php(1): CodeIgniter\Debug\Exceptions->errorHandler(2, 'Undefined variable $cabesera', 'C:\\wamp64\\www\\mercado\\app\\Views\\departamentos\\lista.php', 1)
 2 SYSTEMPATH\View\View.php(226): include('C:\\wamp64\\www\\mercado\\app\\Views\\departamentos\\lista.php')
 3 SYSTEMPATH\View\View.php(229): CodeIgniter\View\View->CodeIgniter\View\{closure}()
 4 SYSTEMPATH\Common.php(1188): CodeIgniter\View\View->render('departamentos/lista', [], true)
 5 APPPATH\Controllers\Home.php(9): view('departamentos/lista')
 6 SYSTEMPATH\CodeIgniter.php(919): App\Controllers\Home->index()
 7 SYSTEMPATH\CodeIgniter.php(494): CodeIgniter\CodeIgniter->runController(Object(App\Controllers\Home))
 8 SYSTEMPATH\CodeIgniter.php(353): CodeIgniter\CodeIgniter->handleRequest(null, Object(Config\Cache), false)
 9 FCPATH\index.php(79): CodeIgniter\CodeIgniter->run()
CRITICAL - 2023-10-11 07:58:45 --> Undefined variable $cabesea
in APPPATH\Views\departamentos\lista.php on line 1.
 1 APPPATH\Views\departamentos\lista.php(1): CodeIgniter\Debug\Exceptions->errorHandler(2, 'Undefined variable $cabesea', 'C:\\wamp64\\www\\mercado\\app\\Views\\departamentos\\lista.php', 1)
 2 SYSTEMPATH\View\View.php(226): include('C:\\wamp64\\www\\mercado\\app\\Views\\departamentos\\lista.php')
 3 SYSTEMPATH\View\View.php(229): CodeIgniter\View\View->CodeIgniter\View\{closure}()
 4 SYSTEMPATH\Common.php(1188): CodeIgniter\View\View->render('departamentos/lista', [], true)
 5 APPPATH\Controllers\Home.php(9): view('departamentos/lista')
 6 SYSTEMPATH\CodeIgniter.php(919): App\Controllers\Home->index()
 7 SYSTEMPATH\CodeIgniter.php(494): CodeIgniter\CodeIgniter->runController(Object(App\Controllers\Home))
 8 SYSTEMPATH\CodeIgniter.php(353): CodeIgniter\CodeIgniter->handleRequest(null, Object(Config\Cache), false)
 9 FCPATH\index.php(79): CodeIgniter\CodeIgniter->run()
CRITICAL - 2023-10-11 07:59:04 --> Undefined variable $cabesera
in APPPATH\Views\departamentos\lista.php on line 1.
 1 APPPATH\Views\departamentos\lista.php(1): CodeIgniter\Debug\Exceptions->errorHandler(2, 'Undefined variable $cabesera', 'C:\\wamp64\\www\\mercado\\app\\Views\\departamentos\\lista.php', 1)
 2 SYSTEMPATH\View\View.php(226): include('C:\\wamp64\\www\\mercado\\app\\Views\\departamentos\\lista.php')
 3 SYSTEMPATH\View\View.php(229): CodeIgniter\View\View->CodeIgniter\View\{closure}()
 4 SYSTEMPATH\Common.php(1188): CodeIgniter\View\View->render('departamentos/lista', [], true)
 5 APPPATH\Controllers\Home.php(9): view('departamentos/lista')
 6 SYSTEMPATH\CodeIgniter.php(919): App\Controllers\Home->index()
 7 SYSTEMPATH\CodeIgniter.php(494): CodeIgniter\CodeIgniter->runController(Object(App\Controllers\Home))
 8 SYSTEMPATH\CodeIgniter.php(353): CodeIgniter\CodeIgniter->handleRequest(null, Object(Config\Cache), false)
 9 FCPATH\index.php(79): CodeIgniter\CodeIgniter->run()
CRITICAL - 2023-10-11 07:59:04 --> Undefined variable $cabesera
in APPPATH\Views\departamentos\lista.php on line 1.
 1 APPPATH\Views\departamentos\lista.php(1): CodeIgniter\Debug\Exceptions->errorHandler(2, 'Undefined variable $cabesera', 'C:\\wamp64\\www\\mercado\\app\\Views\\departamentos\\lista.php', 1)
 2 SYSTEMPATH\View\View.php(226): include('C:\\wamp64\\www\\mercado\\app\\Views\\departamentos\\lista.php')
 3 SYSTEMPATH\View\View.php(229): CodeIgniter\View\View->CodeIgniter\View\{closure}()
 4 SYSTEMPATH\Common.php(1188): CodeIgniter\View\View->render('departamentos/lista', [], true)
 5 APPPATH\Controllers\Home.php(9): view('departamentos/lista')
 6 SYSTEMPATH\CodeIgniter.php(919): App\Controllers\Home->index()
 7 SYSTEMPATH\CodeIgniter.php(494): CodeIgniter\CodeIgniter->runController(Object(App\Controllers\Home))
 8 SYSTEMPATH\CodeIgniter.php(353): CodeIgniter\CodeIgniter->handleRequest(null, Object(Config\Cache), false)
 9 FCPATH\index.php(79): CodeIgniter\CodeIgniter->run()
CRITICAL - 2023-10-11 07:59:05 --> Undefined variable $cabesera
in APPPATH\Views\departamentos\lista.php on line 1.
 1 APPPATH\Views\departamentos\lista.php(1): CodeIgniter\Debug\Exceptions->errorHandler(2, 'Undefined variable $cabesera', 'C:\\wamp64\\www\\mercado\\app\\Views\\departamentos\\lista.php', 1)
 2 SYSTEMPATH\View\View.php(226): include('C:\\wamp64\\www\\mercado\\app\\Views\\departamentos\\lista.php')
 3 SYSTEMPATH\View\View.php(229): CodeIgniter\View\View->CodeIgniter\View\{closure}()
 4 SYSTEMPATH\Common.php(1188): CodeIgniter\View\View->render('departamentos/lista', [], true)
 5 APPPATH\Controllers\Home.php(9): view('departamentos/lista')
 6 SYSTEMPATH\CodeIgniter.php(919): App\Controllers\Home->index()
 7 SYSTEMPATH\CodeIgniter.php(494): CodeIgniter\CodeIgniter->runController(Object(App\Controllers\Home))
 8 SYSTEMPATH\CodeIgniter.php(353): CodeIgniter\CodeIgniter->handleRequest(null, Object(Config\Cache), false)
 9 FCPATH\index.php(79): CodeIgniter\CodeIgniter->run()
CRITICAL - 2023-10-11 07:59:05 --> Undefined variable $cabesera
in APPPATH\Views\departamentos\lista.php on line 1.
 1 APPPATH\Views\departamentos\lista.php(1): CodeIgniter\Debug\Exceptions->errorHandler(2, 'Undefined variable $cabesera', 'C:\\wamp64\\www\\mercado\\app\\Views\\departamentos\\lista.php', 1)
 2 SYSTEMPATH\View\View.php(226): include('C:\\wamp64\\www\\mercado\\app\\Views\\departamentos\\lista.php')
 3 SYSTEMPATH\View\View.php(229): CodeIgniter\View\View->CodeIgniter\View\{closure}()
 4 SYSTEMPATH\Common.php(1188): CodeIgniter\View\View->render('departamentos/lista', [], true)
 5 APPPATH\Controllers\Home.php(9): view('departamentos/lista')
 6 SYSTEMPATH\CodeIgniter.php(919): App\Controllers\Home->index()
 7 SYSTEMPATH\CodeIgniter.php(494): CodeIgniter\CodeIgniter->runController(Object(App\Controllers\Home))
 8 SYSTEMPATH\CodeIgniter.php(353): CodeIgniter\CodeIgniter->handleRequest(null, Object(Config\Cache), false)
 9 FCPATH\index.php(79): CodeIgniter\CodeIgniter->run()
CRITICAL - 2023-10-11 07:59:05 --> Undefined variable $cabesera
in APPPATH\Views\departamentos\lista.php on line 1.
 1 APPPATH\Views\departamentos\lista.php(1): CodeIgniter\Debug\Exceptions->errorHandler(2, 'Undefined variable $cabesera', 'C:\\wamp64\\www\\mercado\\app\\Views\\departamentos\\lista.php', 1)
 2 SYSTEMPATH\View\View.php(226): include('C:\\wamp64\\www\\mercado\\app\\Views\\departamentos\\lista.php')
 3 SYSTEMPATH\View\View.php(229): CodeIgniter\View\View->CodeIgniter\View\{closure}()
 4 SYSTEMPATH\Common.php(1188): CodeIgniter\View\View->render('departamentos/lista', [], true)
 5 APPPATH\Controllers\Home.php(9): view('departamentos/lista')
 6 SYSTEMPATH\CodeIgniter.php(919): App\Controllers\Home->index()
 7 SYSTEMPATH\CodeIgniter.php(494): CodeIgniter\CodeIgniter->runController(Object(App\Controllers\Home))
 8 SYSTEMPATH\CodeIgniter.php(353): CodeIgniter\CodeIgniter->handleRequest(null, Object(Config\Cache), false)
 9 FCPATH\index.php(79): CodeIgniter\CodeIgniter->run()
CRITICAL - 2023-10-11 08:06:09 --> Undefined variable $cabesera
in APPPATH\Views\departamentos\lista.php on line 1.
 1 APPPATH\Views\departamentos\lista.php(1): CodeIgniter\Debug\Exceptions->errorHandler(2, 'Undefined variable $cabesera', 'C:\\wamp64\\www\\mercado\\app\\Views\\departamentos\\lista.php', 1)
 2 SYSTEMPATH\View\View.php(226): include('C:\\wamp64\\www\\mercado\\app\\Views\\departamentos\\lista.php')
 3 SYSTEMPATH\View\View.php(229): CodeIgniter\View\View->CodeIgniter\View\{closure}()
 4 SYSTEMPATH\Common.php(1188): CodeIgniter\View\View->render('departamentos/lista', [], true)
 5 APPPATH\Controllers\Departamentoss.php(40): view('departamentos/lista')
 6 SYSTEMPATH\CodeIgniter.php(919): App\Controllers\Departamentoss->borrar()
 7 SYSTEMPATH\CodeIgniter.php(494): CodeIgniter\CodeIgniter->runController(Object(App\Controllers\Departamentoss))
 8 SYSTEMPATH\CodeIgniter.php(353): CodeIgniter\CodeIgniter->handleRequest(null, Object(Config\Cache), false)
 9 FCPATH\index.php(79): CodeIgniter\CodeIgniter->run()
CRITICAL - 2023-10-11 08:06:53 --> Undefined variable $arreglos
in APPPATH\Views\departamentos\lista.php on line 13.
 1 APPPATH\Views\departamentos\lista.php(13): CodeIgniter\Debug\Exceptions->errorHandler(2, 'Undefined variable $arreglos', 'C:\\wamp64\\www\\mercado\\app\\Views\\departamentos\\lista.php', 13)
 2 SYSTEMPATH\View\View.php(226): include('C:\\wamp64\\www\\mercado\\app\\Views\\departamentos\\lista.php')
 3 SYSTEMPATH\View\View.php(229): CodeIgniter\View\View->CodeIgniter\View\{closure}()
 4 SYSTEMPATH\Common.php(1188): CodeIgniter\View\View->render('departamentos/lista', [], true)
 5 APPPATH\Controllers\Departamentoss.php(43): view('departamentos/lista', [...])
 6 SYSTEMPATH\CodeIgniter.php(919): App\Controllers\Departamentoss->borrar()
 7 SYSTEMPATH\CodeIgniter.php(494): CodeIgniter\CodeIgniter->runController(Object(App\Controllers\Departamentoss))
 8 SYSTEMPATH\CodeIgniter.php(353): CodeIgniter\CodeIgniter->handleRequest(null, Object(Config\Cache), false)
 9 FCPATH\index.php(79): CodeIgniter\CodeIgniter->run()
